{"C:\\Users\\devAZ\\QA\\Node testes unitários e de integração\\index.js": {"path":"C:\\Users\\devAZ\\QA\\Node testes unitários e de integração\\index.js","statementMap":{"0":{"start":{"line":1,"column":24},"end":{"line":2,"column":28}},"1":{"start":{"line":2,"column":2},"end":{"line":2,"column":28}},"2":{"start":{"line":4,"column":25},"end":{"line":4,"column":68}},"3":{"start":{"line":4,"column":49},"end":{"line":4,"column":68}}},"fnMap":{"0":{"name":"(anonymous_0)","decl":{"start":{"line":1,"column":24},"end":{"line":1,"column":25}},"loc":{"start":{"line":2,"column":2},"end":{"line":2,"column":28}},"line":2},"1":{"name":"(anonymous_1)","decl":{"start":{"line":4,"column":25},"end":{"line":4,"column":26}},"loc":{"start":{"line":4,"column":49},"end":{"line":4,"column":68}},"line":4}},"branchMap":{},"s":{"0":1,"1":1,"2":1,"3":1},"f":{"0":1,"1":1},"b":{},"_coverageSchema":"1a1c01bbd47fc00a2c39e90264f33305004495a9","hash":"78d7c5cc7ce7e6d5972c3b4e25816af75738cbbb"}
}
